version https://git-lfs.github.com/spec/v1
oid sha256:7dba9e6bcf57942cfd4bebb4587e9715bdfb0088e0a7b8a6fc7aeb4b8c184b19
size 1134887
