version https://git-lfs.github.com/spec/v1
oid sha256:cd3cff36543d220521acd2dd60a1ef3c6b7c5c06ae5cc3605d1d737768223209
size 62376
